<?xml version="1.0" encoding="UTF-8"?>
<coverage generated="1652806322740" clover="3.2.0">
  <project timestamp="1652806322740" name="All files">
    <metrics statements="104" coveredstatements="23" conditionals="36" coveredconditionals="0" methods="33" coveredmethods="5" elements="173" coveredelements="28" complexity="0" loc="104" ncloc="104" packages="5" files="13" classes="13"/>
    <package name="frontend">
      <metrics statements="1" coveredstatements="1" conditionals="0" coveredconditionals="0" methods="0" coveredmethods="0"/>
      <file name="App.tsx" path="/Users/alexquenelle/Project/epitech/mono_repo_diversity/apps/frontend/App.tsx">
        <metrics statements="1" coveredstatements="1" conditionals="0" coveredconditionals="0" methods="0" coveredmethods="0"/>
        <line num="9" count="1" type="stmt"/>
      </file>
    </package>
    <package name="frontend.src.assets">
      <metrics statements="1" coveredstatements="1" conditionals="0" coveredconditionals="0" methods="0" coveredmethods="0"/>
      <file name="logo_blanc.png" path="/Users/alexquenelle/Project/epitech/mono_repo_diversity/apps/frontend/src/assets/logo_blanc.png">
        <metrics statements="1" coveredstatements="1" conditionals="0" coveredconditionals="0" methods="0" coveredmethods="0"/>
        <line num="1" count="1" type="stmt"/>
      </file>
    </package>
    <package name="frontend.src.components">
      <metrics statements="12" coveredstatements="11" conditionals="0" coveredconditionals="0" methods="5" coveredmethods="4"/>
      <file name="BackButton.tsx" path="/Users/alexquenelle/Project/epitech/mono_repo_diversity/apps/frontend/src/components/BackButton.tsx">
        <metrics statements="3" coveredstatements="2" conditionals="0" coveredconditionals="0" methods="1" coveredmethods="0"/>
        <line num="9" count="1" type="stmt"/>
        <line num="10" count="0" type="stmt"/>
        <line num="15" count="1" type="stmt"/>
      </file>
      <file name="Background.tsx" path="/Users/alexquenelle/Project/epitech/mono_repo_diversity/apps/frontend/src/components/Background.tsx">
        <metrics statements="3" coveredstatements="3" conditionals="0" coveredconditionals="0" methods="1" coveredmethods="1"/>
        <line num="9" count="1" type="stmt"/>
        <line num="10" count="1" type="stmt"/>
        <line num="17" count="1" type="stmt"/>
      </file>
      <file name="Header.tsx" path="/Users/alexquenelle/Project/epitech/mono_repo_diversity/apps/frontend/src/components/Header.tsx">
        <metrics statements="2" coveredstatements="2" conditionals="0" coveredconditionals="0" methods="1" coveredmethods="1"/>
        <line num="9" count="1" type="stmt"/>
        <line num="11" count="1" type="stmt"/>
      </file>
      <file name="Logo.tsx" path="/Users/alexquenelle/Project/epitech/mono_repo_diversity/apps/frontend/src/components/Logo.tsx">
        <metrics statements="2" coveredstatements="2" conditionals="0" coveredconditionals="0" methods="1" coveredmethods="1"/>
        <line num="4" count="1" type="stmt"/>
        <line num="6" count="1" type="stmt"/>
      </file>
      <file name="Paragraph.tsx" path="/Users/alexquenelle/Project/epitech/mono_repo_diversity/apps/frontend/src/components/Paragraph.tsx">
        <metrics statements="2" coveredstatements="2" conditionals="0" coveredconditionals="0" methods="1" coveredmethods="1"/>
        <line num="9" count="1" type="stmt"/>
        <line num="11" count="1" type="stmt"/>
      </file>
    </package>
    <package name="frontend.src.core">
      <metrics statements="7" coveredstatements="3" conditionals="8" coveredconditionals="0" methods="2" coveredmethods="0"/>
      <file name="theme.tsx" path="/Users/alexquenelle/Project/epitech/mono_repo_diversity/apps/frontend/src/core/theme.tsx">
        <metrics statements="1" coveredstatements="1" conditionals="0" coveredconditionals="0" methods="0" coveredmethods="0"/>
        <line num="1" count="1" type="stmt"/>
      </file>
      <file name="utils.tsx" path="/Users/alexquenelle/Project/epitech/mono_repo_diversity/apps/frontend/src/core/utils.tsx">
        <metrics statements="6" coveredstatements="2" conditionals="8" coveredconditionals="0" methods="2" coveredmethods="0"/>
        <line num="1" count="1" type="stmt"/>
        <line num="2" count="0" type="cond" truecount="0" falsecount="4"/>
        <line num="4" count="0" type="stmt"/>
        <line num="7" count="1" type="stmt"/>
        <line num="8" count="0" type="cond" truecount="0" falsecount="4"/>
        <line num="10" count="0" type="stmt"/>
      </file>
    </package>
    <package name="frontend.src.screens">
      <metrics statements="83" coveredstatements="7" conditionals="28" coveredconditionals="0" methods="26" coveredmethods="1"/>
      <file name="Dashboard.tsx" path="/Users/alexquenelle/Project/epitech/mono_repo_diversity/apps/frontend/src/screens/Dashboard.tsx">
        <metrics statements="4" coveredstatements="1" conditionals="0" coveredconditionals="0" methods="3" coveredmethods="0"/>
        <line num="14" count="1" type="stmt"/>
        <line num="15" count="0" type="stmt"/>
        <line num="24" count="0" type="stmt"/>
        <line num="37" count="0" type="stmt"/>
      </file>
      <file name="HomeScreen.tsx" path="/Users/alexquenelle/Project/epitech/mono_repo_diversity/apps/frontend/src/screens/HomeScreen.tsx">
        <metrics statements="4" coveredstatements="2" conditionals="0" coveredconditionals="0" methods="3" coveredmethods="1"/>
        <line num="13" count="1" type="stmt"/>
        <line num="14" count="1" type="stmt"/>
        <line num="29" count="0" type="stmt"/>
        <line num="42" count="0" type="stmt"/>
      </file>
      <file name="LoginScreen.tsx" path="/Users/alexquenelle/Project/epitech/mono_repo_diversity/apps/frontend/src/screens/LoginScreen.tsx">
        <metrics statements="30" coveredstatements="2" conditionals="12" coveredconditionals="0" methods="9" coveredmethods="0"/>
        <line num="18" count="1" type="stmt"/>
        <line num="19" count="0" type="stmt"/>
        <line num="20" count="0" type="stmt"/>
        <line num="21" count="0" type="stmt"/>
        <line num="22" count="0" type="stmt"/>
        <line num="23" count="0" type="stmt"/>
        <line num="24" count="0" type="stmt"/>
        <line num="25" count="0" type="stmt"/>
        <line num="26" count="0" type="stmt"/>
        <line num="30" count="0" type="stmt"/>
        <line num="32" count="0" type="stmt"/>
        <line num="34" count="0" type="stmt"/>
        <line num="36" count="0" type="stmt"/>
        <line num="37" count="0" type="stmt"/>
        <line num="38" count="0" type="stmt"/>
        <line num="40" count="0" type="cond" truecount="0" falsecount="4"/>
        <line num="41" count="0" type="stmt"/>
        <line num="42" count="0" type="stmt"/>
        <line num="43" count="0" type="stmt"/>
        <line num="46" count="0" type="stmt"/>
        <line num="51" count="0" type="stmt"/>
        <line num="67" count="0" type="stmt"/>
        <line num="69" count="0" type="stmt"/>
        <line num="75" count="0" type="stmt"/>
        <line num="83" count="0" type="stmt"/>
        <line num="89" count="0" type="stmt"/>
        <line num="91" count="0" type="cond" truecount="0" falsecount="4"/>
        <line num="93" count="0" type="stmt"/>
        <line num="132" count="0" type="stmt"/>
        <line num="140" count="1" type="stmt"/>
      </file>
      <file name="RegisterScreen.tsx" path="/Users/alexquenelle/Project/epitech/mono_repo_diversity/apps/frontend/src/screens/RegisterScreen.tsx">
        <metrics statements="45" coveredstatements="2" conditionals="16" coveredconditionals="0" methods="11" coveredmethods="0"/>
        <line num="19" count="1" type="stmt"/>
        <line num="20" count="0" type="stmt"/>
        <line num="21" count="0" type="stmt"/>
        <line num="22" count="0" type="stmt"/>
        <line num="23" count="0" type="stmt"/>
        <line num="24" count="0" type="stmt"/>
        <line num="25" count="0" type="stmt"/>
        <line num="26" count="0" type="stmt"/>
        <line num="30" count="0" type="stmt"/>
        <line num="31" count="0" type="stmt"/>
        <line num="32" count="0" type="stmt"/>
        <line num="34" count="0" type="stmt"/>
        <line num="35" count="0" type="stmt"/>
        <line num="39" count="0" type="stmt"/>
        <line num="40" count="0" type="stmt"/>
        <line num="43" count="0" type="stmt"/>
        <line num="44" count="0" type="stmt"/>
        <line num="45" count="0" type="stmt"/>
        <line num="46" count="0" type="stmt"/>
        <line num="48" count="0" type="cond" truecount="0" falsecount="2"/>
        <line num="49" count="0" type="stmt"/>
        <line num="50" count="0" type="cond" truecount="0" falsecount="2"/>
        <line num="51" count="0" type="stmt"/>
        <line num="54" count="0" type="cond" truecount="0" falsecount="4"/>
        <line num="55" count="0" type="stmt"/>
        <line num="56" count="0" type="stmt"/>
        <line num="57" count="0" type="stmt"/>
        <line num="60" count="0" type="stmt"/>
        <line num="65" count="0" type="stmt"/>
        <line num="66" count="0" type="stmt"/>
        <line num="68" count="0" type="stmt"/>
        <line num="73" count="0" type="stmt"/>
        <line num="76" count="0" type="stmt"/>
        <line num="77" count="0" type="stmt"/>
        <line num="80" count="0" type="stmt"/>
        <line num="81" count="0" type="stmt"/>
        <line num="84" count="0" type="stmt"/>
        <line num="86" count="0" type="stmt"/>
        <line num="88" count="0" type="stmt"/>
        <line num="116" count="0" type="stmt"/>
        <line num="122" count="0" type="stmt"/>
        <line num="124" count="0" type="cond" truecount="0" falsecount="4"/>
        <line num="126" count="0" type="stmt"/>
        <line num="166" count="0" type="stmt"/>
        <line num="174" count="1" type="stmt"/>
      </file>
    </package>
  </project>
</coverage>
