{"/Users/alexquenelle/Project/epitech/mono_repo_diversity/apps/frontend/App.tsx": {"path":"/Users/alexquenelle/Project/epitech/mono_repo_diversity/apps/frontend/App.tsx","statementMap":{"0":{"start":{"line":9,"column":15},"end":{"line":21,"column":1}}},"fnMap":{},"branchMap":{},"s":{"0":1},"f":{},"b":{},"_coverageSchema":"1a1c01bbd47fc00a2c39e90264f33305004495a9","hash":"007da6a5ed311fc0e61f55d11e386517e96c1cc2"}
,"/Users/alexquenelle/Project/epitech/mono_repo_diversity/apps/frontend/src/assets/logo_blanc.png": {"path":"/Users/alexquenelle/Project/epitech/mono_repo_diversity/apps/frontend/src/assets/logo_blanc.png","statementMap":{"0":{"start":{"line":1,"column":0},"end":{"line":1,"column":19}}},"fnMap":{},"branchMap":{},"s":{"0":1},"f":{},"b":{},"inputSourceMap":null,"_coverageSchema":"1a1c01bbd47fc00a2c39e90264f33305004495a9","hash":"0a56be73de5f2708ffe8064a974637b895f56a30"}
,"/Users/alexquenelle/Project/epitech/mono_repo_diversity/apps/frontend/src/components/BackButton.tsx": {"path":"/Users/alexquenelle/Project/epitech/mono_repo_diversity/apps/frontend/src/components/BackButton.tsx","statementMap":{"0":{"start":{"line":9,"column":36},"end":{"line":13,"column":1}},"1":{"start":{"line":10,"column":4},"end":{"line":12,"column":23}},"2":{"start":{"line":15,"column":15},"end":{"line":25,"column":2}}},"fnMap":{"0":{"name":"(anonymous_0)","decl":{"start":{"line":9,"column":36},"end":{"line":9,"column":37}},"loc":{"start":{"line":10,"column":4},"end":{"line":12,"column":23}},"line":10}},"branchMap":{},"s":{"0":1,"1":0,"2":1},"f":{"0":0},"b":{},"_coverageSchema":"1a1c01bbd47fc00a2c39e90264f33305004495a9","hash":"16555146c8fef8d3e76c9ff1499e975446f0c4eb"}
,"/Users/alexquenelle/Project/epitech/mono_repo_diversity/apps/frontend/src/components/Background.tsx": {"path":"/Users/alexquenelle/Project/epitech/mono_repo_diversity/apps/frontend/src/components/Background.tsx","statementMap":{"0":{"start":{"line":9,"column":36},"end":{"line":15,"column":1}},"1":{"start":{"line":10,"column":4},"end":{"line":14,"column":11}},"2":{"start":{"line":17,"column":15},"end":{"line":32,"column":2}}},"fnMap":{"0":{"name":"(anonymous_0)","decl":{"start":{"line":9,"column":36},"end":{"line":9,"column":37}},"loc":{"start":{"line":10,"column":4},"end":{"line":14,"column":11}},"line":10}},"branchMap":{},"s":{"0":1,"1":1,"2":1},"f":{"0":1},"b":{},"_coverageSchema":"1a1c01bbd47fc00a2c39e90264f33305004495a9","hash":"edfa5bf5623bd4a22f632068f954e2f945b75c54"}
,"/Users/alexquenelle/Project/epitech/mono_repo_diversity/apps/frontend/src/components/Header.tsx": {"path":"/Users/alexquenelle/Project/epitech/mono_repo_diversity/apps/frontend/src/components/Header.tsx","statementMap":{"0":{"start":{"line":9,"column":32},"end":{"line":9,"column":102}},"1":{"start":{"line":9,"column":57},"end":{"line":9,"column":102}},"2":{"start":{"line":11,"column":15},"end":{"line":18,"column":2}}},"fnMap":{"0":{"name":"(anonymous_0)","decl":{"start":{"line":9,"column":32},"end":{"line":9,"column":33}},"loc":{"start":{"line":9,"column":57},"end":{"line":9,"column":102}},"line":9}},"branchMap":{},"s":{"0":1,"1":1,"2":1},"f":{"0":1},"b":{},"_coverageSchema":"1a1c01bbd47fc00a2c39e90264f33305004495a9","hash":"4a484a8d7f482e8372cbf177b103adc613d7b0b6"}
,"/Users/alexquenelle/Project/epitech/mono_repo_diversity/apps/frontend/src/components/Logo.tsx": {"path":"/Users/alexquenelle/Project/epitech/mono_repo_diversity/apps/frontend/src/components/Logo.tsx","statementMap":{"0":{"start":{"line":4,"column":13},"end":{"line":4,"column":94}},"1":{"start":{"line":4,"column":19},"end":{"line":4,"column":94}},"2":{"start":{"line":6,"column":15},"end":{"line":12,"column":2}}},"fnMap":{"0":{"name":"(anonymous_0)","decl":{"start":{"line":4,"column":13},"end":{"line":4,"column":14}},"loc":{"start":{"line":4,"column":19},"end":{"line":4,"column":94}},"line":4}},"branchMap":{},"s":{"0":1,"1":1,"2":1},"f":{"0":1},"b":{},"_coverageSchema":"1a1c01bbd47fc00a2c39e90264f33305004495a9","hash":"8cdb05dff44cec85b77f09b53539ffb692d5d726"}
,"/Users/alexquenelle/Project/epitech/mono_repo_diversity/apps/frontend/src/components/Paragraph.tsx": {"path":"/Users/alexquenelle/Project/epitech/mono_repo_diversity/apps/frontend/src/components/Paragraph.tsx","statementMap":{"0":{"start":{"line":9,"column":35},"end":{"line":9,"column":103}},"1":{"start":{"line":9,"column":60},"end":{"line":9,"column":103}},"2":{"start":{"line":11,"column":15},"end":{"line":19,"column":2}}},"fnMap":{"0":{"name":"(anonymous_0)","decl":{"start":{"line":9,"column":35},"end":{"line":9,"column":36}},"loc":{"start":{"line":9,"column":60},"end":{"line":9,"column":103}},"line":9}},"branchMap":{},"s":{"0":1,"1":1,"2":1},"f":{"0":1},"b":{},"_coverageSchema":"1a1c01bbd47fc00a2c39e90264f33305004495a9","hash":"165680064bba9a8ec3ddc70c50101f2a6bff0bd4"}
,"/Users/alexquenelle/Project/epitech/mono_repo_diversity/apps/frontend/src/core/theme.tsx": {"path":"/Users/alexquenelle/Project/epitech/mono_repo_diversity/apps/frontend/src/core/theme.tsx","statementMap":{"0":{"start":{"line":1,"column":21},"end":{"line":9,"column":1}}},"fnMap":{},"branchMap":{},"s":{"0":1},"f":{},"b":{},"_coverageSchema":"1a1c01bbd47fc00a2c39e90264f33305004495a9","hash":"2718c79883259cb17aa708b4e810e5a2c9bd1e2d"}
,"/Users/alexquenelle/Project/epitech/mono_repo_diversity/apps/frontend/src/core/utils.tsx": {"path":"/Users/alexquenelle/Project/epitech/mono_repo_diversity/apps/frontend/src/core/utils.tsx","statementMap":{"0":{"start":{"line":1,"column":33},"end":{"line":5,"column":1}},"1":{"start":{"line":2,"column":4},"end":{"line":2,"column":78}},"2":{"start":{"line":2,"column":43},"end":{"line":2,"column":78}},"3":{"start":{"line":4,"column":4},"end":{"line":4,"column":14}},"4":{"start":{"line":7,"column":29},"end":{"line":11,"column":1}},"5":{"start":{"line":8,"column":4},"end":{"line":8,"column":66}},"6":{"start":{"line":8,"column":35},"end":{"line":8,"column":66}},"7":{"start":{"line":10,"column":4},"end":{"line":10,"column":14}}},"fnMap":{"0":{"name":"(anonymous_0)","decl":{"start":{"line":1,"column":33},"end":{"line":1,"column":34}},"loc":{"start":{"line":1,"column":63},"end":{"line":5,"column":1}},"line":1},"1":{"name":"(anonymous_1)","decl":{"start":{"line":7,"column":29},"end":{"line":7,"column":30}},"loc":{"start":{"line":7,"column":55},"end":{"line":11,"column":1}},"line":7}},"branchMap":{"0":{"loc":{"start":{"line":2,"column":4},"end":{"line":2,"column":78}},"type":"if","locations":[{"start":{"line":2,"column":4},"end":{"line":2,"column":78}},{"start":{},"end":{}}],"line":2},"1":{"loc":{"start":{"line":2,"column":8},"end":{"line":2,"column":41}},"type":"binary-expr","locations":[{"start":{"line":2,"column":8},"end":{"line":2,"column":17}},{"start":{"line":2,"column":21},"end":{"line":2,"column":41}}],"line":2},"2":{"loc":{"start":{"line":8,"column":4},"end":{"line":8,"column":66}},"type":"if","locations":[{"start":{"line":8,"column":4},"end":{"line":8,"column":66}},{"start":{},"end":{}}],"line":8},"3":{"loc":{"start":{"line":8,"column":8},"end":{"line":8,"column":33}},"type":"binary-expr","locations":[{"start":{"line":8,"column":8},"end":{"line":8,"column":13}},{"start":{"line":8,"column":17},"end":{"line":8,"column":33}}],"line":8}},"s":{"0":1,"1":0,"2":0,"3":0,"4":1,"5":0,"6":0,"7":0},"f":{"0":0,"1":0},"b":{"0":[0,0],"1":[0,0],"2":[0,0],"3":[0,0]},"_coverageSchema":"1a1c01bbd47fc00a2c39e90264f33305004495a9","hash":"3037cc116445c95040f8973492097e8b11303a08"}
,"/Users/alexquenelle/Project/epitech/mono_repo_diversity/apps/frontend/src/screens/Dashboard.tsx": {"path":"/Users/alexquenelle/Project/epitech/mono_repo_diversity/apps/frontend/src/screens/Dashboard.tsx","statementMap":{"0":{"start":{"line":14,"column":35},"end":{"line":42,"column":1}},"1":{"start":{"line":15,"column":4},"end":{"line":41,"column":6}},"2":{"start":{"line":24,"column":43},"end":{"line":24,"column":77}},"3":{"start":{"line":37,"column":31},"end":{"line":37,"column":64}}},"fnMap":{"0":{"name":"(anonymous_0)","decl":{"start":{"line":14,"column":35},"end":{"line":14,"column":36}},"loc":{"start":{"line":14,"column":62},"end":{"line":42,"column":1}},"line":14},"1":{"name":"(anonymous_1)","decl":{"start":{"line":24,"column":37},"end":{"line":24,"column":38}},"loc":{"start":{"line":24,"column":43},"end":{"line":24,"column":77}},"line":24},"2":{"name":"(anonymous_2)","decl":{"start":{"line":37,"column":25},"end":{"line":37,"column":26}},"loc":{"start":{"line":37,"column":31},"end":{"line":37,"column":64}},"line":37}},"branchMap":{},"s":{"0":1,"1":0,"2":0,"3":0},"f":{"0":0,"1":0,"2":0},"b":{},"_coverageSchema":"1a1c01bbd47fc00a2c39e90264f33305004495a9","hash":"54cc5bcd80e5be61504571f9bf88b109639f02d0"}
,"/Users/alexquenelle/Project/epitech/mono_repo_diversity/apps/frontend/src/screens/HomeScreen.tsx": {"path":"/Users/alexquenelle/Project/epitech/mono_repo_diversity/apps/frontend/src/screens/HomeScreen.tsx","statementMap":{"0":{"start":{"line":13,"column":36},"end":{"line":46,"column":1}},"1":{"start":{"line":14,"column":4},"end":{"line":45,"column":17}},"2":{"start":{"line":29,"column":27},"end":{"line":29,"column":61}},"3":{"start":{"line":42,"column":27},"end":{"line":42,"column":64}}},"fnMap":{"0":{"name":"(anonymous_0)","decl":{"start":{"line":13,"column":36},"end":{"line":13,"column":37}},"loc":{"start":{"line":14,"column":4},"end":{"line":45,"column":17}},"line":14},"1":{"name":"(anonymous_1)","decl":{"start":{"line":29,"column":21},"end":{"line":29,"column":22}},"loc":{"start":{"line":29,"column":27},"end":{"line":29,"column":61}},"line":29},"2":{"name":"(anonymous_2)","decl":{"start":{"line":42,"column":21},"end":{"line":42,"column":22}},"loc":{"start":{"line":42,"column":27},"end":{"line":42,"column":64}},"line":42}},"branchMap":{},"s":{"0":1,"1":1,"2":0,"3":0},"f":{"0":1,"1":0,"2":0},"b":{},"_coverageSchema":"1a1c01bbd47fc00a2c39e90264f33305004495a9","hash":"9de140a158638b7241543cfc51e84cf52cb4ab8f"}
,"/Users/alexquenelle/Project/epitech/mono_repo_diversity/apps/frontend/src/screens/LoginScreen.tsx": {"path":"/Users/alexquenelle/Project/epitech/mono_repo_diversity/apps/frontend/src/screens/LoginScreen.tsx","statementMap":{"0":{"start":{"line":18,"column":37},"end":{"line":138,"column":1}},"1":{"start":{"line":19,"column":28},"end":{"line":19,"column":75}},"2":{"start":{"line":20,"column":36},"end":{"line":20,"column":83}},"3":{"start":{"line":21,"column":40},"end":{"line":21,"column":63}},"4":{"start":{"line":22,"column":23},"end":{"line":22,"column":24}},"5":{"start":{"line":23,"column":23},"end":{"line":23,"column":53}},"6":{"start":{"line":23,"column":29},"end":{"line":23,"column":53}},"7":{"start":{"line":23,"column":50},"end":{"line":23,"column":52}},"8":{"start":{"line":24,"column":30},"end":{"line":24,"column":50}},"9":{"start":{"line":25,"column":16},"end":{"line":25,"column":66}},"10":{"start":{"line":26,"column":44},"end":{"line":29,"column":6}},"11":{"start":{"line":30,"column":31},"end":{"line":30,"column":51}},"12":{"start":{"line":32,"column":28},"end":{"line":65,"column":5}},"13":{"start":{"line":34,"column":8},"end":{"line":34,"column":41}},"14":{"start":{"line":36,"column":8},"end":{"line":36,"column":56}},"15":{"start":{"line":37,"column":34},"end":{"line":37,"column":59}},"16":{"start":{"line":38,"column":38},"end":{"line":38,"column":71}},"17":{"start":{"line":40,"column":8},"end":{"line":44,"column":9}},"18":{"start":{"line":41,"column":12},"end":{"line":41,"column":51}},"19":{"start":{"line":42,"column":12},"end":{"line":42,"column":63}},"20":{"start":{"line":43,"column":12},"end":{"line":43,"column":19}},"21":{"start":{"line":46,"column":28},"end":{"line":49,"column":9}},"22":{"start":{"line":51,"column":37},"end":{"line":54,"column":9}},"23":{"start":{"line":67,"column":4},"end":{"line":137,"column":6}},"24":{"start":{"line":69,"column":38},"end":{"line":69,"column":71}},"25":{"start":{"line":75,"column":40},"end":{"line":75,"column":80}},"26":{"start":{"line":83,"column":40},"end":{"line":83,"column":88}},"27":{"start":{"line":89,"column":36},"end":{"line":89,"column":40}},"28":{"start":{"line":91,"column":20},"end":{"line":91,"column":75}},"29":{"start":{"line":91,"column":32},"end":{"line":91,"column":75}},"30":{"start":{"line":93,"column":20},"end":{"line":100,"column":22}},"31":{"start":{"line":132,"column":49},"end":{"line":132,"column":86}},"32":{"start":{"line":140,"column":15},"end":{"line":169,"column":2}}},"fnMap":{"0":{"name":"(anonymous_0)","decl":{"start":{"line":18,"column":37},"end":{"line":18,"column":38}},"loc":{"start":{"line":18,"column":64},"end":{"line":138,"column":1}},"line":18},"1":{"name":"(anonymous_1)","decl":{"start":{"line":23,"column":23},"end":{"line":23,"column":24}},"loc":{"start":{"line":23,"column":29},"end":{"line":23,"column":53}},"line":23},"2":{"name":"(anonymous_2)","decl":{"start":{"line":23,"column":43},"end":{"line":23,"column":44}},"loc":{"start":{"line":23,"column":50},"end":{"line":23,"column":52}},"line":23},"3":{"name":"(anonymous_3)","decl":{"start":{"line":32,"column":28},"end":{"line":32,"column":29}},"loc":{"start":{"line":32,"column":34},"end":{"line":65,"column":5}},"line":32},"4":{"name":"(anonymous_4)","decl":{"start":{"line":69,"column":32},"end":{"line":69,"column":33}},"loc":{"start":{"line":69,"column":38},"end":{"line":69,"column":71}},"line":69},"5":{"name":"(anonymous_5)","decl":{"start":{"line":75,"column":30},"end":{"line":75,"column":31}},"loc":{"start":{"line":75,"column":40},"end":{"line":75,"column":80}},"line":75},"6":{"name":"(anonymous_6)","decl":{"start":{"line":83,"column":30},"end":{"line":83,"column":31}},"loc":{"start":{"line":83,"column":40},"end":{"line":83,"column":88}},"line":83},"7":{"name":"(anonymous_7)","decl":{"start":{"line":88,"column":28},"end":{"line":88,"column":29}},"loc":{"start":{"line":88,"column":62},"end":{"line":101,"column":17}},"line":88},"8":{"name":"(anonymous_8)","decl":{"start":{"line":132,"column":43},"end":{"line":132,"column":44}},"loc":{"start":{"line":132,"column":49},"end":{"line":132,"column":86}},"line":132}},"branchMap":{"0":{"loc":{"start":{"line":40,"column":8},"end":{"line":44,"column":9}},"type":"if","locations":[{"start":{"line":40,"column":8},"end":{"line":44,"column":9}},{"start":{},"end":{}}],"line":40},"1":{"loc":{"start":{"line":40,"column":12},"end":{"line":40,"column":38}},"type":"binary-expr","locations":[{"start":{"line":40,"column":12},"end":{"line":40,"column":25}},{"start":{"line":40,"column":29},"end":{"line":40,"column":38}}],"line":40},"2":{"loc":{"start":{"line":91,"column":20},"end":{"line":91,"column":75}},"type":"if","locations":[{"start":{"line":91,"column":20},"end":{"line":91,"column":75}},{"start":{},"end":{}}],"line":91},"3":{"loc":{"start":{"line":91,"column":44},"end":{"line":91,"column":74}},"type":"cond-expr","locations":[{"start":{"line":91,"column":57},"end":{"line":91,"column":65}},{"start":{"line":91,"column":68},"end":{"line":91,"column":74}}],"line":91},"4":{"loc":{"start":{"line":96,"column":49},"end":{"line":96,"column":78}},"type":"binary-expr","locations":[{"start":{"line":96,"column":49},"end":{"line":96,"column":58}},{"start":{"line":96,"column":62},"end":{"line":96,"column":78}}],"line":96},"5":{"loc":{"start":{"line":114,"column":17},"end":{"line":114,"column":55}},"type":"cond-expr","locations":[{"start":{"line":114,"column":30},"end":{"line":114,"column":41}},{"start":{"line":114,"column":44},"end":{"line":114,"column":55}}],"line":114}},"s":{"0":1,"1":0,"2":0,"3":0,"4":0,"5":0,"6":0,"7":0,"8":0,"9":0,"10":0,"11":0,"12":0,"13":0,"14":0,"15":0,"16":0,"17":0,"18":0,"19":0,"20":0,"21":0,"22":0,"23":0,"24":0,"25":0,"26":0,"27":0,"28":0,"29":0,"30":0,"31":0,"32":1},"f":{"0":0,"1":0,"2":0,"3":0,"4":0,"5":0,"6":0,"7":0,"8":0},"b":{"0":[0,0],"1":[0,0],"2":[0,0],"3":[0,0],"4":[0,0],"5":[0,0]},"_coverageSchema":"1a1c01bbd47fc00a2c39e90264f33305004495a9","hash":"40622b1e825ae715356749959d91e057ebdf2e59"}
,"/Users/alexquenelle/Project/epitech/mono_repo_diversity/apps/frontend/src/screens/RegisterScreen.tsx": {"path":"/Users/alexquenelle/Project/epitech/mono_repo_diversity/apps/frontend/src/screens/RegisterScreen.tsx","statementMap":{"0":{"start":{"line":19,"column":40},"end":{"line":172,"column":1}},"1":{"start":{"line":20,"column":28},"end":{"line":20,"column":75}},"2":{"start":{"line":21,"column":36},"end":{"line":21,"column":83}},"3":{"start":{"line":22,"column":31},"end":{"line":22,"column":32}},"4":{"start":{"line":23,"column":40},"end":{"line":23,"column":63}},"5":{"start":{"line":24,"column":31},"end":{"line":24,"column":51}},"6":{"start":{"line":25,"column":16},"end":{"line":25,"column":82}},"7":{"start":{"line":26,"column":44},"end":{"line":29,"column":6}},"8":{"start":{"line":30,"column":30},"end":{"line":30,"column":50}},"9":{"start":{"line":31,"column":54},"end":{"line":31,"column":74}},"10":{"start":{"line":32,"column":66},"end":{"line":32,"column":99}},"11":{"start":{"line":34,"column":30},"end":{"line":41,"column":5}},"12":{"start":{"line":35,"column":45},"end":{"line":38,"column":10}},"13":{"start":{"line":39,"column":8},"end":{"line":39,"column":69}},"14":{"start":{"line":40,"column":8},"end":{"line":40,"column":51}},"15":{"start":{"line":43,"column":29},"end":{"line":83,"column":5}},"16":{"start":{"line":44,"column":8},"end":{"line":44,"column":56}},"17":{"start":{"line":45,"column":34},"end":{"line":45,"column":59}},"18":{"start":{"line":46,"column":38},"end":{"line":46,"column":71}},"19":{"start":{"line":48,"column":8},"end":{"line":52,"column":9}},"20":{"start":{"line":49,"column":12},"end":{"line":49,"column":37}},"21":{"start":{"line":50,"column":15},"end":{"line":52,"column":9}},"22":{"start":{"line":51,"column":12},"end":{"line":51,"column":36}},"23":{"start":{"line":54,"column":8},"end":{"line":58,"column":9}},"24":{"start":{"line":55,"column":12},"end":{"line":55,"column":51}},"25":{"start":{"line":56,"column":12},"end":{"line":56,"column":63}},"26":{"start":{"line":57,"column":12},"end":{"line":57,"column":19}},"27":{"start":{"line":60,"column":28},"end":{"line":63,"column":9}},"28":{"start":{"line":65,"column":8},"end":{"line":65,"column":32}},"29":{"start":{"line":66,"column":8},"end":{"line":66,"column":36}},"30":{"start":{"line":68,"column":36},"end":{"line":71,"column":9}},"31":{"start":{"line":73,"column":8},"end":{"line":82,"column":15}},"32":{"start":{"line":76,"column":16},"end":{"line":76,"column":59}},"33":{"start":{"line":77,"column":16},"end":{"line":77,"column":49}},"34":{"start":{"line":80,"column":16},"end":{"line":80,"column":43}},"35":{"start":{"line":81,"column":16},"end":{"line":81,"column":35}},"36":{"start":{"line":84,"column":23},"end":{"line":84,"column":53}},"37":{"start":{"line":84,"column":29},"end":{"line":84,"column":53}},"38":{"start":{"line":84,"column":50},"end":{"line":84,"column":52}},"39":{"start":{"line":86,"column":4},"end":{"line":171,"column":6}},"40":{"start":{"line":88,"column":38},"end":{"line":88,"column":71}},"41":{"start":{"line":116,"column":40},"end":{"line":116,"column":88}},"42":{"start":{"line":122,"column":36},"end":{"line":122,"column":40}},"43":{"start":{"line":124,"column":20},"end":{"line":124,"column":75}},"44":{"start":{"line":124,"column":32},"end":{"line":124,"column":75}},"45":{"start":{"line":126,"column":20},"end":{"line":133,"column":22}},"46":{"start":{"line":166,"column":49},"end":{"line":166,"column":83}},"47":{"start":{"line":174,"column":15},"end":{"line":206,"column":2}}},"fnMap":{"0":{"name":"(anonymous_0)","decl":{"start":{"line":19,"column":40},"end":{"line":19,"column":41}},"loc":{"start":{"line":19,"column":67},"end":{"line":172,"column":1}},"line":19},"1":{"name":"(anonymous_1)","decl":{"start":{"line":34,"column":30},"end":{"line":34,"column":31}},"loc":{"start":{"line":34,"column":36},"end":{"line":41,"column":5}},"line":34},"2":{"name":"(anonymous_2)","decl":{"start":{"line":43,"column":29},"end":{"line":43,"column":30}},"loc":{"start":{"line":43,"column":35},"end":{"line":83,"column":5}},"line":43},"3":{"name":"(anonymous_3)","decl":{"start":{"line":75,"column":18},"end":{"line":75,"column":19}},"loc":{"start":{"line":75,"column":47},"end":{"line":78,"column":13}},"line":75},"4":{"name":"(anonymous_4)","decl":{"start":{"line":79,"column":19},"end":{"line":79,"column":20}},"loc":{"start":{"line":79,"column":42},"end":{"line":82,"column":13}},"line":79},"5":{"name":"(anonymous_5)","decl":{"start":{"line":84,"column":23},"end":{"line":84,"column":24}},"loc":{"start":{"line":84,"column":29},"end":{"line":84,"column":53}},"line":84},"6":{"name":"(anonymous_6)","decl":{"start":{"line":84,"column":43},"end":{"line":84,"column":44}},"loc":{"start":{"line":84,"column":50},"end":{"line":84,"column":52}},"line":84},"7":{"name":"(anonymous_7)","decl":{"start":{"line":88,"column":32},"end":{"line":88,"column":33}},"loc":{"start":{"line":88,"column":38},"end":{"line":88,"column":71}},"line":88},"8":{"name":"(anonymous_8)","decl":{"start":{"line":116,"column":30},"end":{"line":116,"column":31}},"loc":{"start":{"line":116,"column":40},"end":{"line":116,"column":88}},"line":116},"9":{"name":"(anonymous_9)","decl":{"start":{"line":121,"column":28},"end":{"line":121,"column":29}},"loc":{"start":{"line":121,"column":62},"end":{"line":134,"column":17}},"line":121},"10":{"name":"(anonymous_10)","decl":{"start":{"line":166,"column":43},"end":{"line":166,"column":44}},"loc":{"start":{"line":166,"column":49},"end":{"line":166,"column":83}},"line":166}},"branchMap":{"0":{"loc":{"start":{"line":48,"column":8},"end":{"line":52,"column":9}},"type":"if","locations":[{"start":{"line":48,"column":8},"end":{"line":52,"column":9}},{"start":{"line":50,"column":15},"end":{"line":52,"column":9}}],"line":48},"1":{"loc":{"start":{"line":50,"column":15},"end":{"line":52,"column":9}},"type":"if","locations":[{"start":{"line":50,"column":15},"end":{"line":52,"column":9}},{"start":{},"end":{}}],"line":50},"2":{"loc":{"start":{"line":54,"column":8},"end":{"line":58,"column":9}},"type":"if","locations":[{"start":{"line":54,"column":8},"end":{"line":58,"column":9}},{"start":{},"end":{}}],"line":54},"3":{"loc":{"start":{"line":54,"column":12},"end":{"line":54,"column":38}},"type":"binary-expr","locations":[{"start":{"line":54,"column":12},"end":{"line":54,"column":25}},{"start":{"line":54,"column":29},"end":{"line":54,"column":38}}],"line":54},"4":{"loc":{"start":{"line":124,"column":20},"end":{"line":124,"column":75}},"type":"if","locations":[{"start":{"line":124,"column":20},"end":{"line":124,"column":75}},{"start":{},"end":{}}],"line":124},"5":{"loc":{"start":{"line":124,"column":44},"end":{"line":124,"column":74}},"type":"cond-expr","locations":[{"start":{"line":124,"column":57},"end":{"line":124,"column":65}},{"start":{"line":124,"column":68},"end":{"line":124,"column":74}}],"line":124},"6":{"loc":{"start":{"line":129,"column":49},"end":{"line":129,"column":78}},"type":"binary-expr","locations":[{"start":{"line":129,"column":49},"end":{"line":129,"column":58}},{"start":{"line":129,"column":62},"end":{"line":129,"column":78}}],"line":129},"7":{"loc":{"start":{"line":147,"column":17},"end":{"line":147,"column":55}},"type":"cond-expr","locations":[{"start":{"line":147,"column":30},"end":{"line":147,"column":41}},{"start":{"line":147,"column":44},"end":{"line":147,"column":55}}],"line":147}},"s":{"0":1,"1":0,"2":0,"3":0,"4":0,"5":0,"6":0,"7":0,"8":0,"9":0,"10":0,"11":0,"12":0,"13":0,"14":0,"15":0,"16":0,"17":0,"18":0,"19":0,"20":0,"21":0,"22":0,"23":0,"24":0,"25":0,"26":0,"27":0,"28":0,"29":0,"30":0,"31":0,"32":0,"33":0,"34":0,"35":0,"36":0,"37":0,"38":0,"39":0,"40":0,"41":0,"42":0,"43":0,"44":0,"45":0,"46":0,"47":1},"f":{"0":0,"1":0,"2":0,"3":0,"4":0,"5":0,"6":0,"7":0,"8":0,"9":0,"10":0},"b":{"0":[0,0],"1":[0,0],"2":[0,0],"3":[0,0],"4":[0,0],"5":[0,0],"6":[0,0],"7":[0,0]},"_coverageSchema":"1a1c01bbd47fc00a2c39e90264f33305004495a9","hash":"aec62a901cef0878bc8939f14d5005daec925c5a"}
}
